<?xml version="1.0" encoding="UTF-8"?>
<!-- Generated by org.testng.reporters.JUnitReportReporter -->
<testsuite hostname="LAPTOP-JM3JDHES" failures="0" tests="4" name="Test.DemoTwo" time="0.028" errors="0" timestamp="2021-02-05T12:16:12 CST" skipped="0">
  <testcase classname="Test.DemoTwo" name="open" time="0.020"/>
  <system-out/>
  <testcase classname="Test.DemoTwo" name="addCustomer" time="0.003"/>
  <system-out/>
  <testcase classname="Test.DemoTwo" name="searchCustomer" time="0.002"/>
  <system-out/>
  <testcase classname="Test.DemoTwo" name="teardown" time="0.003"/>
  <system-out/>
</testsuite> <!-- Test.DemoTwo -->
