<?xml version="1.0" encoding="UTF-8"?>
<!-- Generated by org.testng.reporters.JUnitReportReporter -->
<testsuite hostname="LAPTOP-JM3JDHES" failures="0" tests="3" name="Test.DemoOne" time="0.008" errors="0" timestamp="2021-02-05T12:16:12 CST" skipped="0">
  <testcase classname="Test.DemoOne" name="setup" time="0.004"/>
  <system-out/>
  <testcase classname="Test.DemoOne" name="login" time="0.002"/>
  <system-out/>
  <testcase classname="Test.DemoOne" name="teardown" time="0.002"/>
  <system-out/>
</testsuite> <!-- Test.DemoOne -->
